[ 2017-06-06T08:03:50+08:00 ] 127.0.0.1 /huaneng/index.php/Admin/Administrator/addAdministrator
INFO: [ app_init ] --START--
INFO: Run Behavior\BuildLiteBehavior [ RunTime:0.000021s ]
INFO: [ app_init ] --END-- [ RunTime:0.001275s ]
INFO: [ app_begin ] --START--
INFO: Run Behavior\ReadHtmlCacheBehavior [ RunTime:0.001347s ]
INFO: [ app_begin ] --END-- [ RunTime:0.001446s ]
INFO: [ view_parse ] --START--
INFO: [ template_filter ] --START--
INFO: Run Behavior\ContentReplaceBehavior [ RunTime:0.000095s ]
INFO: [ template_filter ] --END-- [ RunTime:0.000183s ]
INFO: Run Behavior\ParseTemplateBehavior [ RunTime:0.018372s ]
INFO: [ view_parse ] --END-- [ RunTime:0.018456s ]
INFO: [ view_filter ] --START--
INFO: Run Behavior\WriteHtmlCacheBehavior [ RunTime:0.000979s ]
INFO: [ view_filter ] --END-- [ RunTime:0.001063s ]
INFO: [ app_end ] --START--
INFO: Run Behavior\ShowPageTraceBehavior [ RunTime:0.002314s ]
INFO: [ app_end ] --END-- [ RunTime:0.002398s ]

[ 2017-06-06T08:03:58+08:00 ] 127.0.0.1 /huaneng/index.php/Admin/Administrator/allAdministrator
INFO: [ app_init ] --START--
INFO: Run Behavior\BuildLiteBehavior [ RunTime:0.000018s ]
INFO: [ app_init ] --END-- [ RunTime:0.000649s ]
INFO: [ app_begin ] --START--
INFO: Run Behavior\ReadHtmlCacheBehavior [ RunTime:0.000846s ]
INFO: [ app_begin ] --END-- [ RunTime:0.000925s ]
SQL: SHOW COLUMNS FROM `administrator` [ RunTime:0.0768s ]
SQL: SELECT COUNT(*) AS tp_count FROM `administrator` LIMIT 1   [ RunTime:0.0015s ]
NOTIC: [8] Undefined variable: row E:\WebServer\Document\huaneng\Application\Admin\Controller\AdministratorController.class.php 第 11 行.
SQL: SELECT * FROM `administrator` ORDER BY id desc LIMIT 0,3   [ RunTime:0.0014s ]
INFO: [ view_parse ] --START--
INFO: [ template_filter ] --START--
INFO: Run Behavior\ContentReplaceBehavior [ RunTime:0.000227s ]
INFO: [ template_filter ] --END-- [ RunTime:0.000411s ]
INFO: Run Behavior\ParseTemplateBehavior [ RunTime:0.100004s ]
INFO: [ view_parse ] --END-- [ RunTime:0.100216s ]
INFO: [ view_filter ] --START--
INFO: Run Behavior\WriteHtmlCacheBehavior [ RunTime:0.001185s ]
INFO: [ view_filter ] --END-- [ RunTime:0.001356s ]
INFO: [ app_end ] --START--
INFO: Run Behavior\ShowPageTraceBehavior [ RunTime:0.002318s ]
INFO: [ app_end ] --END-- [ RunTime:0.002542s ]

[ 2017-06-06T08:04:44+08:00 ] 127.0.0.1 /huaneng/index.php/Admin/Administrator/edit4/id/4
INFO: [ app_init ] --START--
INFO: Run Behavior\BuildLiteBehavior [ RunTime:0.000013s ]
INFO: [ app_init ] --END-- [ RunTime:0.000387s ]
INFO: [ app_begin ] --START--
INFO: Run Behavior\ReadHtmlCacheBehavior [ RunTime:0.000638s ]
INFO: [ app_begin ] --END-- [ RunTime:0.000695s ]
SQL: SHOW COLUMNS FROM `administrator` [ RunTime:0.1161s ]
SQL: SELECT * FROM `administrator` WHERE ( id='4' ) LIMIT 1   [ RunTime:0.0016s ]
INFO: [ view_parse ] --START--
INFO: [ template_filter ] --START--
INFO: Run Behavior\ContentReplaceBehavior [ RunTime:0.000129s ]
INFO: [ template_filter ] --END-- [ RunTime:0.000247s ]
NOTIC: [8] Undefined variable: administrator E:\WebServer\Document\huaneng\Application\Runtime\Cache\Admin\80afca71c451923194965f4ebfb8659a.php 第 92 行.
NOTIC: [8] Undefined variable: administrator E:\WebServer\Document\huaneng\Application\Runtime\Cache\Admin\80afca71c451923194965f4ebfb8659a.php 第 98 行.
NOTIC: [8] Undefined variable: administrator E:\WebServer\Document\huaneng\Application\Runtime\Cache\Admin\80afca71c451923194965f4ebfb8659a.php 第 104 行.
NOTIC: [8] Undefined variable: administrator E:\WebServer\Document\huaneng\Application\Runtime\Cache\Admin\80afca71c451923194965f4ebfb8659a.php 第 110 行.
NOTIC: [8] Undefined variable: administrators E:\WebServer\Document\huaneng\Application\Runtime\Cache\Admin\80afca71c451923194965f4ebfb8659a.php 第 116 行.
INFO: Run Behavior\ParseTemplateBehavior [ RunTime:0.042401s ]
INFO: [ view_parse ] --END-- [ RunTime:0.042523s ]
INFO: [ view_filter ] --START--
INFO: Run Behavior\WriteHtmlCacheBehavior [ RunTime:0.000445s ]
INFO: [ view_filter ] --END-- [ RunTime:0.000504s ]
INFO: [ app_end ] --START--
INFO: Run Behavior\ShowPageTraceBehavior [ RunTime:0.000823s ]
INFO: [ app_end ] --END-- [ RunTime:0.000888s ]

[ 2017-06-06T08:05:08+08:00 ] 127.0.0.1 /huaneng/index.php/Admin/Administrator/edit4/id/4
INFO: [ app_init ] --START--
INFO: Run Behavior\BuildLiteBehavior [ RunTime:0.000023s ]
INFO: [ app_init ] --END-- [ RunTime:0.000728s ]
INFO: [ app_begin ] --START--
INFO: Run Behavior\ReadHtmlCacheBehavior [ RunTime:0.001033s ]
INFO: [ app_begin ] --END-- [ RunTime:0.001133s ]
NOTIC: [2] call_user_func() expects parameter 1 to be a valid callback, no array or string given E:\WebServer\Document\huaneng\ThinkPHP\Library\Think\Upload.class.php 第 170 行.
SQL: SHOW COLUMNS FROM `administrator` [ RunTime:0.0148s ]
NOTIC: [8] Undefined index: validate E:\WebServer\Document\huaneng\ThinkPHP\Library\Think\Model.class.php 第 1185 行.
NOTIC: [8] Undefined index: auto E:\WebServer\Document\huaneng\ThinkPHP\Library\Think\Model.class.php 第 1128 行.
SQL: UPDATE `administrator` SET `name`='小明小',`password`='123456',`email`='1@qq.com',`phone`='15230160653',`img`='../Public/uploads/2017-06-06/5935f1b34d617.jpg',`updatetime`='2017-06-06 08:05:08' WHERE ( id='4' ) [ RunTime:0.0861s ]
INFO: [ view_parse ] --START--
INFO: [ template_filter ] --START--
INFO: Run Behavior\ContentReplaceBehavior [ RunTime:0.000138s ]
INFO: [ template_filter ] --END-- [ RunTime:0.000319s ]
INFO: Run Behavior\ParseTemplateBehavior [ RunTime:0.041000s ]
INFO: [ view_parse ] --END-- [ RunTime:0.041259s ]
INFO: [ view_filter ] --START--
INFO: Run Behavior\WriteHtmlCacheBehavior [ RunTime:0.001554s ]
INFO: [ view_filter ] --END-- [ RunTime:0.001714s ]
INFO: [ app_end ] --START--
INFO: Run Behavior\ShowPageTraceBehavior [ RunTime:0.002415s ]
INFO: [ app_end ] --END-- [ RunTime:0.002582s ]

[ 2017-06-06T08:05:10+08:00 ] 127.0.0.1 /huaneng/index.php/Admin/Administrator/allAdministrator.html
INFO: [ app_init ] --START--
INFO: Run Behavior\BuildLiteBehavior [ RunTime:0.000021s ]
INFO: [ app_init ] --END-- [ RunTime:0.000709s ]
INFO: [ app_begin ] --START--
INFO: Run Behavior\ReadHtmlCacheBehavior [ RunTime:0.001090s ]
INFO: [ app_begin ] --END-- [ RunTime:0.001180s ]
SQL: SHOW COLUMNS FROM `administrator` [ RunTime:0.0140s ]
SQL: SELECT COUNT(*) AS tp_count FROM `administrator` LIMIT 1   [ RunTime:0.0012s ]
NOTIC: [8] Undefined variable: row E:\WebServer\Document\huaneng\Application\Admin\Controller\AdministratorController.class.php 第 11 行.
SQL: SELECT * FROM `administrator` ORDER BY id desc LIMIT 0,3   [ RunTime:0.0014s ]
INFO: [ view_parse ] --START--
INFO: [ template_filter ] --START--
INFO: Run Behavior\ContentReplaceBehavior [ RunTime:0.000139s ]
INFO: [ template_filter ] --END-- [ RunTime:0.000253s ]
INFO: Run Behavior\ParseTemplateBehavior [ RunTime:0.020293s ]
INFO: [ view_parse ] --END-- [ RunTime:0.020422s ]
INFO: [ view_filter ] --START--
INFO: Run Behavior\WriteHtmlCacheBehavior [ RunTime:0.001029s ]
INFO: [ view_filter ] --END-- [ RunTime:0.001133s ]
INFO: [ app_end ] --START--
INFO: Run Behavior\ShowPageTraceBehavior [ RunTime:0.001809s ]
INFO: [ app_end ] --END-- [ RunTime:0.001963s ]

